<?xml version="1.0" encoding="UTF-8"?>
<!-- Generated by org.testng.reporters.JUnitXMLReporter -->
<testsuite ignored="1" hostname="JEET" failures="1" tests="2" name="Test" time="147.372" errors="0" timestamp="2020-08-23T23:38:08 IST">
  <testcase classname="com.qa.TestPages.LoginpageTest" name="getLoggedIn" time="9.415">
    <failure type="java.lang.AssertionError" message="expected [Dashboard ‹ opensourcecms — WordPress] but found [Log In ‹ opensourcecms — WordPress]">
      <![CDATA[java.lang.AssertionError: expected [Dashboard ‹ opensourcecms — WordPress] but found [Log In ‹ opensourcecms — WordPress]
at com.qa.TestPages.LoginpageTest.getLoggedIn(LoginpageTest.java:61)
at java.base/java.util.ArrayList.forEach(ArrayList.java:1540)
... Removed 32 stack frames]]>
    </failure>
  </testcase> <!-- getLoggedIn -->
  <testcase classname="com.qa.TestPages.LoginpageTest" name="titleCheck" time="0.034"/>
  <testcase classname="com.qa.TestPages.LoginpageTest" name="currentURLCheck" time="0.0">
    <ignored/>
  </testcase> <!-- currentURLCheck -->
</testsuite> <!-- Test -->
