<?xml version="1.0" encoding="UTF-8"?>
<!-- Generated by org.testng.reporters.JUnitXMLReporter -->
<testsuite ignored="0" hostname="JEET" failures="2" tests="3" name="Test" time="112.272" errors="0" timestamp="2020-08-22T23:05:59 IST">
  <testcase classname="com.qa.TestPages.LoginpageTest" name="currentURLCheck" time="0.671"/>
  <testcase classname="com.qa.TestPages.LoginpageTest" name="getLoggedIn" time="0.012">
    <failure type="java.lang.NullPointerException">
      <![CDATA[java.lang.NullPointerException
at com.qa.TestPages.LoginpageTest.getLoggedIn(LoginpageTest.java:41)
at java.base/java.util.ArrayList.forEach(ArrayList.java:1540)
... Removed 27 stack frames]]>
    </failure>
  </testcase> <!-- getLoggedIn -->
  <testcase classname="com.qa.TestPages.LoginpageTest" name="titleCheck" time="0.006">
    <failure type="java.lang.NullPointerException">
      <![CDATA[java.lang.NullPointerException
at com.qa.TestPages.LoginpageTest.titleCheck(LoginpageTest.java:31)
at java.base/java.util.ArrayList.forEach(ArrayList.java:1540)
... Removed 27 stack frames]]>
    </failure>
  </testcase> <!-- titleCheck -->
</testsuite> <!-- Test -->
