<?xml version="1.0" encoding="UTF-8"?>
<testng-results ignored="1" total="3" passed="1" failed="1" skipped="0">
  <reporter-output>
  </reporter-output>
  <suite started-at="2020-08-23T18:09:09 IST" name="Suite" finished-at="2020-08-23T18:10:33 IST" duration-ms="84026">
    <groups>
    </groups>
    <test started-at="2020-08-23T18:09:09 IST" name="Test" finished-at="2020-08-23T18:10:33 IST" duration-ms="84026">
      <class name="com.qa.TestPages.LoginpageTest">
        <test-method is-config="true" signature="setup()[pri:0, instance:com.qa.TestPages.LoginpageTest@35cabb2a]" started-at="2020-08-23T18:09:10 IST" name="setup" finished-at="2020-08-23T18:09:58 IST" duration-ms="48415" status="PASS">
          <reporter-output>
          </reporter-output>
        </test-method> <!-- setup -->
        <test-method signature="currentURLCheck()[pri:0, instance:com.qa.TestPages.LoginpageTest@35cabb2a]" started-at="2020-08-23T18:09:58 IST" name="currentURLCheck" finished-at="2020-08-23T18:09:59 IST" duration-ms="688" status="PASS">
          <reporter-output>
          </reporter-output>
        </test-method> <!-- currentURLCheck -->
        <test-method is-config="true" signature="tearDown()[pri:0, instance:com.qa.TestPages.LoginpageTest@35cabb2a]" started-at="2020-08-23T18:09:59 IST" name="tearDown" finished-at="2020-08-23T18:10:05 IST" duration-ms="5955" status="PASS">
          <reporter-output>
          </reporter-output>
        </test-method> <!-- tearDown -->
        <test-method is-config="true" signature="setup()[pri:0, instance:com.qa.TestPages.LoginpageTest@35cabb2a]" started-at="2020-08-23T18:10:05 IST" name="setup" finished-at="2020-08-23T18:10:20 IST" duration-ms="15660" status="PASS">
          <reporter-output>
          </reporter-output>
        </test-method> <!-- setup -->
        <test-method signature="getLoggedIn()[pri:0, instance:com.qa.TestPages.LoginpageTest@35cabb2a]" started-at="2020-08-23T18:10:20 IST" name="getLoggedIn" finished-at="2020-08-23T18:10:20 IST" duration-ms="34" status="FAIL">
          <exception class="java.lang.NullPointerException">
            <full-stacktrace>
              <![CDATA[java.lang.NullPointerException
at com.qa.TestPages.LoginpageTest.getLoggedIn(LoginpageTest.java:41)
at java.base/jdk.internal.reflect.NativeMethodAccessorImpl.invoke0(Native Method)
at java.base/jdk.internal.reflect.NativeMethodAccessorImpl.invoke(NativeMethodAccessorImpl.java:62)
at java.base/jdk.internal.reflect.DelegatingMethodAccessorImpl.invoke(DelegatingMethodAccessorImpl.java:43)
at java.base/java.lang.reflect.Method.invoke(Method.java:567)
at org.testng.internal.MethodInvocationHelper.invokeMethod(MethodInvocationHelper.java:133)
at org.testng.internal.TestInvoker.invokeMethod(TestInvoker.java:584)
at org.testng.internal.TestInvoker.invokeTestMethod(TestInvoker.java:172)
at org.testng.internal.MethodRunner.runInSequence(MethodRunner.java:46)
at org.testng.internal.TestInvoker$MethodInvocationAgent.invoke(TestInvoker.java:804)
at org.testng.internal.TestInvoker.invokeTestMethods(TestInvoker.java:145)
at org.testng.internal.TestMethodWorker.invokeTestMethods(TestMethodWorker.java:146)
at org.testng.internal.TestMethodWorker.run(TestMethodWorker.java:128)
at java.base/java.util.ArrayList.forEach(ArrayList.java:1540)
at org.testng.TestRunner.privateRun(TestRunner.java:770)
at org.testng.TestRunner.run(TestRunner.java:591)
at org.testng.SuiteRunner.runTest(SuiteRunner.java:402)
at org.testng.SuiteRunner.runSequentially(SuiteRunner.java:396)
at org.testng.SuiteRunner.privateRun(SuiteRunner.java:355)
at org.testng.SuiteRunner.run(SuiteRunner.java:304)
at org.testng.SuiteRunnerWorker.runSuite(SuiteRunnerWorker.java:53)
at org.testng.SuiteRunnerWorker.run(SuiteRunnerWorker.java:96)
at org.testng.TestNG.runSuitesSequentially(TestNG.java:1180)
at org.testng.TestNG.runSuitesLocally(TestNG.java:1102)
at org.testng.TestNG.runSuites(TestNG.java:1032)
at org.testng.TestNG.run(TestNG.java:1000)
at org.testng.remote.AbstractRemoteTestNG.run(AbstractRemoteTestNG.java:115)
at org.testng.remote.RemoteTestNG.initAndRun(RemoteTestNG.java:251)
at org.testng.remote.RemoteTestNG.main(RemoteTestNG.java:77)
]]>
            </full-stacktrace>
          </exception> <!-- java.lang.NullPointerException -->
          <reporter-output>
          </reporter-output>
        </test-method> <!-- getLoggedIn -->
        <test-method is-config="true" signature="tearDown()[pri:0, instance:com.qa.TestPages.LoginpageTest@35cabb2a]" started-at="2020-08-23T18:10:22 IST" name="tearDown" finished-at="2020-08-23T18:10:33 IST" duration-ms="11279" status="PASS">
          <reporter-output>
          </reporter-output>
        </test-method> <!-- tearDown -->
      </class> <!-- com.qa.TestPages.LoginpageTest -->
    </test> <!-- Test -->
  </suite> <!-- Suite -->
</testng-results>
